<?xml version="1.0" encoding="utf-8"?><testsuites name="pytest tests"><testsuite name="pytest" errors="0" failures="0" skipped="0" tests="23" time="3.089" timestamp="2026-05-30T18:49:49.345852+00:00" hostname="agent-env-e2de28fc-b667-4b4f-8b3c-5b354abd734d"><testcase classname="backend.tests.test_cosift_api.TestAuth" name="test_anonymous_creates_user" time="0.131" /><testcase classname="backend.tests.test_cosift_api.TestAuth" name="test_me_with_bearer" time="0.164" /><testcase classname="backend.tests.test_cosift_api.TestAuth" name="test_me_unauthorized" time="0.145" /><testcase classname="backend.tests.test_cosift_api.TestAuth" name="test_logout_clears_session" time="0.265" /><testcase classname="backend.tests.test_cosift_api.TestCircles" name="test_create_circle_adds_owner" time="0.051" /><testcase classname="backend.tests.test_cosift_api.TestCircles" name="test_list_circles_returns_member_count_and_books" time="0.052" /><testcase classname="backend.tests.test_cosift_api.TestBooks" name="test_upload_rejects_non_pdf" time="0.057" /><testcase classname="backend.tests.test_cosift_api.TestBooks" name="test_upload_pdf_creates_book" time="0.061" /><testcase classname="backend.tests.test_cosift_api.TestBooks" name="test_serve_file" time="0.111" /><testcase classname="backend.tests.test_cosift_api.TestBooks" name="test_get_book_with_progress" time="0.050" /><testcase classname="backend.tests.test_cosift_api.TestProgress" name="test_update_progress_persists_and_max_never_decreases" time="0.155" /><testcase classname="backend.tests.test_cosift_api.TestHighlights" name="test_create_highlight_with_thought" time="0.052" /><testcase classname="backend.tests.test_cosift_api.TestHighlights" name="test_unlocking_filters_by_max_page" time="0.430" /><testcase classname="backend.tests.test_cosift_api.TestHighlights" name="test_locked_count" time="0.056" /><testcase classname="backend.tests.test_cosift_api.TestThoughtsOnHighlight" name="test_unauthenticated_rejected" time="0.220" /><testcase classname="backend.tests.test_cosift_api.TestThoughtsOnHighlight" name="test_add_thought_attaches_without_duplicating_highlight" time="0.210" /><testcase classname="backend.tests.test_cosift_api.TestThoughtsOnHighlight" name="test_thought_on_missing_highlight_returns_404" time="0.058" /><testcase classname="backend.tests.test_cosift_api.TestThreads" name="test_create_and_list_thread" time="0.145" /><testcase classname="backend.tests.test_cosift_api.TestVocab" name="test_add_and_list" time="0.098" /><testcase classname="backend.tests.test_cosift_api.TestInvites" name="test_invite_flow" time="0.267" /><testcase classname="backend.tests.test_cosift_api.TestFeeds" name="test_turns_returns_sections_with_unlocked_activity" time="0.060" /><testcase classname="backend.tests.test_cosift_api.TestFeeds" name="test_my_thoughts" time="0.048" /><testcase classname="backend.tests.test_cosift_api.TestFeeds" name="test_saved_insights_excludes_self" time="0.102" /></testsuite></testsuites>