<?xml version="1.0" encoding="utf-8"?><testsuites name="pytest tests"><testsuite name="pytest" errors="0" failures="0" skipped="0" tests="20" time="2.586" timestamp="2026-05-16T12:51:04.209212+00:00" hostname="agent-env-e2de28fc-b667-4b4f-8b3c-5b354abd734d"><testcase classname="backend.tests.test_cosift_api.TestAuth" name="test_anonymous_creates_user" time="0.156" /><testcase classname="backend.tests.test_cosift_api.TestAuth" name="test_me_with_bearer" time="0.204" /><testcase classname="backend.tests.test_cosift_api.TestAuth" name="test_me_unauthorized" time="0.145" /><testcase classname="backend.tests.test_cosift_api.TestAuth" name="test_logout_clears_session" time="0.243" /><testcase classname="backend.tests.test_cosift_api.TestCircles" name="test_create_circle_adds_owner" time="0.069" /><testcase classname="backend.tests.test_cosift_api.TestCircles" name="test_list_circles_returns_member_count_and_books" time="0.050" /><testcase classname="backend.tests.test_cosift_api.TestBooks" name="test_upload_rejects_non_pdf" time="0.044" /><testcase classname="backend.tests.test_cosift_api.TestBooks" name="test_upload_pdf_creates_book" time="0.067" /><testcase classname="backend.tests.test_cosift_api.TestBooks" name="test_serve_file" time="0.110" /><testcase classname="backend.tests.test_cosift_api.TestBooks" name="test_get_book_with_progress" time="0.049" /><testcase classname="backend.tests.test_cosift_api.TestProgress" name="test_update_progress_persists_and_max_never_decreases" time="0.168" /><testcase classname="backend.tests.test_cosift_api.TestHighlights" name="test_create_highlight_with_thought" time="0.072" /><testcase classname="backend.tests.test_cosift_api.TestHighlights" name="test_unlocking_filters_by_max_page" time="0.426" /><testcase classname="backend.tests.test_cosift_api.TestHighlights" name="test_locked_count" time="0.041" /><testcase classname="backend.tests.test_cosift_api.TestThreads" name="test_create_and_list_thread" time="0.148" /><testcase classname="backend.tests.test_cosift_api.TestVocab" name="test_add_and_list" time="0.094" /><testcase classname="backend.tests.test_cosift_api.TestInvites" name="test_invite_flow" time="0.238" /><testcase classname="backend.tests.test_cosift_api.TestFeeds" name="test_turns_returns_sections_with_unlocked_activity" time="0.046" /><testcase classname="backend.tests.test_cosift_api.TestFeeds" name="test_my_thoughts" time="0.043" /><testcase classname="backend.tests.test_cosift_api.TestFeeds" name="test_saved_insights_excludes_self" time="0.090" /></testsuite></testsuites>